(lldb) target create "/Applications/Xcode-beta.app/Contents/MacOS/Xcode"
Current executable set to '/Applications/Xcode-beta.app/Contents/MacOS/Xcode' (arm64).
(lldb) r
Process 24348 launched: '/Applications/Xcode-beta.app/Contents/MacOS/Xcode' (arm64)
objc[24348]: Class AMSupportURLConnectionDelegate is implemented in both /usr/lib/libauthinstall.dylib (0x1f3f1fad8) and /System/Library/PrivateFrameworks/MobileDevice.framework/Versions/A/MobileDevice (0x104c282c8). One of the two will be used. Which one is undefined.
objc[24348]: Class AMSupportURLSession is implemented in both /usr/lib/libauthinstall.dylib (0x1f3f1fb28) and /System/Library/PrivateFrameworks/MobileDevice.framework/Versions/A/MobileDevice (0x104c28318). One of the two will be used. Which one is undefined.
2021-07-29 14:09:56.865103-0400 Xcode[24348:918391] [MT] DVTAssertions: Warning in /Library/Caches/com.apple.xbs/Sources/IDEFrameworks/IDEFrameworks-19211.1/IDEKit/CommandsAndSelection/IDEMenuBuilder.m:190
Details:  Unknown command: "Xcode.IDEKit.CmdDefinition.TestLocalChanges" in menu: "Xcode.IDEKit.MenuDefinition.PerformAction"!
Object:   <IDEMenuBuilder>
Method:   +_menuItemForMenuItemElement:inMenuWithIdentifierUsedForDebugging:forViewController:fillingExtensionIdToMenuMap:
Thread:   <NSThread: 0x110e09dc0>{number = 1, name = main}
Please file a bug at https://feedbackassistant.apple.com with this warning message and any useful information you can provide.
2021-07-29 14:09:56.918392-0400 Xcode[24348:918391] [FirstLaunchPackageInstallationHelper] Found 4 packages to install
2021-07-29 14:09:56.921835-0400 Xcode[24348:918391] [FirstLaunchPackageInstallationHelper] Cache file exists for com.apple.pkg.MobileDeviceDevelopment
2021-07-29 14:09:56.923091-0400 Xcode[24348:918391] [FirstLaunchPackageInstallationHelper] Cache file exists for com.apple.pkg.CoreTypes.1500B7
2021-07-29 14:09:56.924402-0400 Xcode[24348:918391] [FirstLaunchPackageInstallationHelper] Cache file exists for com.apple.pkg.MobileDevice
2021-07-29 14:09:56.925673-0400 Xcode[24348:918391] [FirstLaunchPackageInstallationHelper] Cache file exists for com.apple.pkg.XcodeSystemResources
2021-07-29 14:09:56.968533-0400 Xcode[24348:918508] Calling IOPPFGetProperty simulator_utility_clamp!
2021-07-29 14:09:56.968585-0400 Xcode[24348:918508] Cannot find plugin in ioreg!
2021-07-29 14:09:57.269313-0400 Xcode[24348:918508] +[MTLIOAccelDevice registerDevices]: Zero Metal services found
2021-07-29 14:09:58.766338-0400 Xcode[24348:918522] nil host used in call to allowsSpecificHTTPSCertificateForHost
2021-07-29 14:09:58.766370-0400 Xcode[24348:918522] nil host used in call to allowsAnyHTTPSCertificateForHost:
2021-07-29 14:09:58.809752-0400 Xcode[24348:918527] NSURLConnection finished with error - code -1100
2021-07-29 14:09:58.944098-0400 Xcode[24348:918527] [connection] nw_endpoint_handler_set_adaptive_read_handler [C1.1 127.0.0.1:9090 ready socket-flow (satisfied (Path is satisfied), viable, interface: lo0)] unregister notification for read_timeout failed
2021-07-29 14:09:58.944522-0400 Xcode[24348:918527] [connection] nw_endpoint_handler_set_adaptive_write_handler [C1.1 127.0.0.1:9090 ready socket-flow (satisfied (Path is satisfied), viable, interface: lo0)] unregister notification for write_timeout failed
objc[24348]: Class ASVError is implemented in both /Applications/Xcode-beta.app/Contents/SharedFrameworks/GPUToolsCore.framework/Versions/A/GPUToolsCore (0x15aaca170) and /Applications/Xcode-beta.app/Contents/PlugIns/GPUDebugger.ideplugin/Contents/Frameworks/GPUToolsASVC.framework/Versions/A/GPUToolsASVC (0x159fa87b0). One of the two will be used. Which one is undefined.
2021-07-29 14:10:00.552283-0400 Xcode[24348:918391] [messages] [XCSUIDataSource] addSnapshotsObserver: <XCSUIDataSource: 0x15fb26560> 0x15fb26560.
2021-07-29 14:10:00.552390-0400 Xcode[24348:918391] [messages] [XCSUIServicesManager] Reloading services.
2021-07-29 14:10:00.552406-0400 Xcode[24348:918391] [messages] [XCSUIServicesManager] Cached accounts: (null)
2021-07-29 14:10:00.552867-0400 Xcode[24348:918391] [messages] Registered for System Configuration dynamic store notifications with keys: (State:/Network/Global/IPv4, State:/Network/Global/IPv6, State:/Network/Global/DNS) patterns: (State:/Network/Interface/[^/]+/IPv4, State:/Network/Interface/[^/]+/IPv6)
2021-07-29 14:10:01.341263-0400 Xcode[24348:918391] CoreText note: Client requested name ".SFNS-Regular", it will get Times-Roman rather than the intended font. All system UI font access should be through proper APIs such as CTFontCreateUIFontForLanguage() or +[NSFont systemFontOfSize:].
2021-07-29 14:10:01.341283-0400 Xcode[24348:918391] CoreText note: Set a breakpoint on CTFontLogSystemFontNameRequest to debug.
2021-07-29 14:10:01.344401-0400 Xcode[24348:918391] CoreText note: Client requested name ".SFNS-Bold", it will get Times-Roman rather than the intended font. All system UI font access should be through proper APIs such as CTFontCreateUIFontForLanguage() or +[NSFont systemFontOfSize:].
2021-07-29 14:10:01.345936-0400 Xcode[24348:918391] CoreText note: Client requested name ".SFNS-RegularItalic", it will get Times-Roman rather than the intended font. All system UI font access should be through proper APIs such as CTFontCreateUIFontForLanguage() or +[NSFont systemFontOfSize:].
2021-07-29 14:10:01.347458-0400 Xcode[24348:918391] CoreText note: Client requested name ".SFNS-Regular", it will get Times-Roman rather than the intended font. All system UI font access should be through proper APIs such as CTFontCreateUIFontForLanguage() or +[NSFont systemFontOfSize:].
2021-07-29 14:10:01.347486-0400 Xcode[24348:918391] CoreText note: Client requested name ".SFNS-Regular", it will get Times-Roman rather than the intended font. All system UI font access should be through proper APIs such as CTFontCreateUIFontForLanguage() or +[NSFont systemFontOfSize:].
2021-07-29 14:10:01.347509-0400 Xcode[24348:918391] CoreText note: Client requested name ".SFNS-Regular", it will get Times-Roman rather than the intended font. All system UI font access should be through proper APIs such as CTFontCreateUIFontForLanguage() or +[NSFont systemFontOfSize:].
2021-07-29 14:10:01.347531-0400 Xcode[24348:918391] CoreText note: Client requested name ".SFNS-Regular", it will get Times-Roman rather than the intended font. All system UI font access should be through proper APIs such as CTFontCreateUIFontForLanguage() or +[NSFont systemFontOfSize:].
2021-07-29 14:10:01.443753-0400 Xcode[24348:918527] [SpotlightIndexer] All entities are already indexed.
2021-07-29 14:10:02.388478-0400 Xcode[24348:918391] [cloud-network] ENVIRONMENT is: <private> environment.
2021-07-29 14:10:02.426193-0400 Xcode[24348:918391] [cloud-data] Developers Accounts Received: Updated.
2021-07-29 14:10:02.728496-0400 Xcode[24348:918749] [connection] nw_endpoint_handler_set_adaptive_read_handler [C2.1 127.0.0.1:9090 ready socket-flow (satisfied (Path is satisfied), viable, interface: lo0)] unregister notification for read_timeout failed
2021-07-29 14:10:02.728515-0400 Xcode[24348:918749] [connection] nw_endpoint_handler_set_adaptive_write_handler [C2.1 127.0.0.1:9090 ready socket-flow (satisfied (Path is satisfied), viable, interface: lo0)] unregister notification for write_timeout failed
2021-07-29 14:10:03.029946-0400 Xcode[24348:918391] [cloud-data] Developers Accounts Received: No change since last time.
objc[24348]: Class DYShaderAnalyzerNextGPU is implemented in both /Applications/Xcode-beta.app/Contents/SharedFrameworks/MTLToolsShaderProfiler.framework/Versions/A/MTLToolsShaderProfiler (0x15ae8dbf0) and /Applications/Xcode-beta.app/Contents/Developer/Platforms/iPhoneOS.platform/Developer/Library/GPUTools/PlugIns/GLToolsShaderProfilerMobileSupport.gtplugin/Contents/MacOS/GLToolsShaderProfilerMobileSupport (0x1775e49c0). One of the two will be used. Which one is undefined.
2021-07-29 14:10:04.822428-0400 Xcode[24348:918527] CFURLRequestSetHTTPCookieStorageAcceptPolicy_block_invoke: no longer implemented and should not be called
2021-07-29 14:10:04.823913-0400 Xcode[24348:918749] [connection] nw_endpoint_handler_set_adaptive_read_handler [C3.1 127.0.0.1:9090 ready socket-flow (satisfied (Path is satisfied), viable, interface: lo0)] unregister notification for read_timeout failed
2021-07-29 14:10:04.823924-0400 Xcode[24348:918749] [connection] nw_endpoint_handler_set_adaptive_write_handler [C3.1 127.0.0.1:9090 ready socket-flow (satisfied (Path is satisfied), viable, interface: lo0)] unregister notification for write_timeout failed
2021-07-29 14:10:05.523940-0400 Xcode[24348:918391] [MT] DVTAssertions: Warning in /Library/Caches/com.apple.xbs/Sources/IDEFrameworks/IDEFrameworks-19211.1/IDEKit/NavigableItems/IDENavigableItem.m:1269
Details:  No match from <IDEKeyDrivenNavigableItem 0x1617cc240: (supports Any NSObject, represents: <Xcode3EditingGroup: 0x1617cb7b0>)> to <Xcode3Target:0x161825df0:this-is-a-test-669>. Iterating the whole tree might have taken a significant amount of time.
Object:   <IDEKeyDrivenNavigableItem_Xcode3EditingGroup_Any: 0x1617cc240>
Method:   -_descendantItemForRepresentedObject:stopAtClass:
Thread:   <NSThread: 0x110e09dc0>{number = 1, name = main}
Please file a bug at https://feedbackassistant.apple.com with this warning message and any useful information you can provide.
2021-07-29 14:10:05.556216-0400 Xcode[24348:918391] Could not find image named 'ActionTemplate_Info'.
2021-07-29 14:10:05.851857-0400 Xcode[24348:918391] [cloud-network] Refreshing Teams
2021-07-29 14:10:05.941399-0400 Xcode[24348:918391] [cloud-data] Developers Accounts Received: No change since last time.
2021-07-29 14:10:06.256965-0400 GPUToolsAgent[24370:919246] Mac Agent inited !!!
2021-07-29 14:10:06.359179-0400 GPUToolsAgent[24370:919247] +[MTLIOAccelDevice registerDevices]: Zero Metal services found
2021-07-29 14:10:06.403057-0400 Xcode[24348:918391] [cloud-data] Setting new account preference for <private> to <private>
2021-07-29 14:10:07.687633-0400 Xcode[24348:918391] +[NSSavePanel _warmUp] attempted warmup
2021-07-29 14:10:15.506499-0400 Xcode[24348:918749] schedule invalidation <DYTransport 0x1730fd570, error: Unable to connect to the device. (6)>
2021-07-29 14:10:20.011765-0400 Xcode[24348:918391] [MT] DVTAssertions: Warning in /Library/Caches/com.apple.xbs/Sources/DVTFrameworks/DVTFrameworks-19192.1/DVTUserInterfaceKit/Icons/FileIcons/DVTIcon.m:603
Details:  Do not call -setSize: on a possibly shared instance, use -[DVTIcon compatibilityImageOfSize:] or -dvt_cachedImageOfSize:
Object:   <_DVTIconImage: 0x2c6daa9d0>
Method:   -setSize:
Thread:   <NSThread: 0x110e09dc0>{number = 1, name = main}
Please file a bug at https://feedbackassistant.apple.com with this warning message and any useful information you can provide.
2021-07-29 14:10:20.012710-0400 Xcode[24348:918391] [MT] DVTAssertions: Warning in /Library/Caches/com.apple.xbs/Sources/DVTFrameworks/DVTFrameworks-19192.1/DVTUserInterfaceKit/Icons/FileIcons/DVTIcon.m:603
Details:  Do not call -setSize: on a possibly shared instance, use -[DVTIcon compatibilityImageOfSize:] or -dvt_cachedImageOfSize:
Object:   <_DVTIconImage: 0x2c6e09930>
Method:   -setSize:
Thread:   <NSThread: 0x110e09dc0>{number = 1, name = main}
Please file a bug at https://feedbackassistant.apple.com with this warning message and any useful information you can provide.
2021-07-29 14:10:20.045200-0400 Xcode[24348:918525] [connection] nw_endpoint_handler_set_adaptive_read_handler [C4.1 127.0.0.1:9090 ready socket-flow (satisfied (Path is satisfied), viable, interface: lo0)] unregister notification for read_timeout failed
2021-07-29 14:10:20.045218-0400 Xcode[24348:918525] [connection] nw_endpoint_handler_set_adaptive_write_handler [C4.1 127.0.0.1:9090 ready socket-flow (satisfied (Path is satisfied), viable, interface: lo0)] unregister notification for write_timeout failed
2021-07-29 14:10:22.095249-0400 Xcode[24348:918391] [MT] IDEDistribution: -[IDEDistributionLogging _createLoggingBundleAtPath:]: Created bundle at path "/var/folders/v7/w5gr45q92658nxj314jsms7r0000gn/T/this-is-a-test-669_2021-07-29_14-10-22.094.xcdistributionlogs".
2021-07-29 14:10:26.131108-0400 Xcode[24348:918391] [Nib Loading] Failed to connect (replacementView) outlet from (IDEDistributionFetchAppRecordStepViewController) to (DVTReplacementView): missing setter or instance variable
2021-07-29 14:10:28.140048-0400 Xcode[24348:918391] [Nib Loading] Failed to connect (replacementView) outlet from (IDEDistributionAnalyzeVersionStepViewController) to (DVTReplacementView): missing setter or instance variable
2021-07-29 14:10:28.307607-0400 Xcode[24348:920235]  DVTAssertions: UNCAUGHT EXCEPTION (NSInvalidArgumentException): *** +[NSURLComponents setPercentEncodedQuery:]: invalid characters in percentEncodedQuery
UserInfo: (null)
Open FDs: 53/7168
Hints: 
  0: Calling block provided by:

  0   DVTDispatchAsync (in DVTFoundation)
  1   DVTAsyncPerformBlock (in DVTFoundation)
  2   -[IDEDistributionAnalyzeVersionStepViewController setupVersion] (in IDEKit)
  3   -[IDEDistributionAnalyzeVersionStepViewController viewDidLoad] (in IDEKit)
  4   -[NSViewController _sendViewDidLoad] (in AppKit)
  5   -[NSViewController _loadViewIfRequired] (in AppKit)
  6   -[NSViewController view] (in AppKit)
  7   -[DVTViewController view] (in DVTViewControllerKit)
  8   -[IDEDistributionAssistantWindowController setDistributionStepViewController:] (in IDEKit)
  9   -[NSObject(NSKeyValueObservingPrivate) _changeValueForKeys:count:maybeOldValuesDict:maybeNewValuesDict:usingBlock:] (in Foundation)
 10   -[NSObject(NSKeyValueObservingPrivate) _changeValueForKey:key:key:usingBlock:] (in Foundation)
 11   _NSSetObjectValueAndNotify (in Foundation)
 12   -[IDEDistributionAssistantWindowController next:] (in IDEKit)
 13   __87-[IDEDistributionStepViewController spinProgressIndicatorForMinimumDurationAndContinue]_block_invoke (in IDEKit)
 14   __DVT_CALLING_CLIENT_BLOCK__ (in DVTFoundation)
 15   __DVTDispatchAsync_block_invoke (in DVTFoundation)
 16   _dispatch_call_block_and_release (in libdispatch.dylib)
 17   _dispatch_client_callout (in libdispatch.dylib)
 18   _dispatch_main_queue_callback_4CF (in libdispatch.dylib)
 19   __CFRUNLOOP_IS_SERVICING_THE_MAIN_DISPATCH_QUEUE__ (in CoreFoundation)
 20   __CFRunLoopRun (in CoreFoundation)
 21   CFRunLoopRunSpecific (in CoreFoundation)
 22   RunCurrentEventLoopInMode (in HIToolbox)
 23   ReceiveNextEventCommon (in HIToolbox)
 24   _BlockUntilNextEventMatchingListInModeWithFilter (in HIToolbox)
 25   _DPSNextEvent (in AppKit)
 26   -[NSApplication(NSEvent) _nextEventMatchingEventMask:untilDate:inMode:dequeue:] (in AppKit)
 27   -[DVTApplication nextEventMatchingMask:untilDate:inMode:dequeue:] (in DVTKit)
 28   -[NSApplication run] (in AppKit)
 29   -[DVTApplication run] (in DVTKit)
 30   NSApplicationMain (in AppKit)
 31   start (in libdyld.dylib)
2021-07-29 14:10:28.341035-0400 Xcode[24348:920235]  DVTAssertions: 
Backtrace:
  0   __exceptionPreprocess (in CoreFoundation)
  1   DVTFailureHintExceptionPreprocessor (in DVTFoundation)
  2   objc_exception_throw (in libobjc.A.dylib)
  3   -[__NSConcreteURLComponents setPercentEncodedQuery:] (in Foundation)
  4   specialized URLComponents.scheme.setter (in libswiftFoundation.dylib)
  5   URLComponents.percentEncodedQuery.setter (in libswiftFoundation.dylib)
  6   APIRequest.createURLRequest(baseURL:encoder:) (in XCServices)
  7   APIClient.makeRequest<A>(_:behaviours:completionQueue:complete:) (in XCServices)
  8   closure #1 in APIClientServiceBackend.makeRequest<A, B>(_:log:behaviours:completionQueue:transform:) (in DVTAppStoreConnect)
  9   partial apply for closure #1 in APIClientServiceBackend.makeRequest<A, B>(_:log:behaviours:completionQueue:transform:) (in DVTAppStoreConnect)
 10   partial apply for thunk for @escaping @callee_guaranteed (@guaranteed @escaping @callee_guaranteed @substituted <A> (@in_guaranteed Result<A, Error>) -> () for <B>) -> () (in DVTAppStoreConnect)
 11   specialized Future.init(_:) (in Combine)
 12   Future.__allocating_init(_:) (in Combine)
 13   APIClientServiceBackend.makeRequest<A, B>(_:log:behaviours:completionQueue:transform:) (in DVTAppStoreConnect)
 14   protocol witness for ServiceBackend.makeRequest<A, B>(_:log:behaviours:completionQueue:transform:) in conformance APIClientServiceBackend (in DVTAppStoreConnect)
 15   ServiceBackend.makeRequest<A, B>(_:log:transform:) (in DVTAppStoreConnect)
 16   specialized Service.runPageableRequest<A, B, C>(_:fetchAllPages:accumulatedItems:parseResponse:makePagedRequest:) (in DVTAppStoreConnect)
 17   BuildsService.run(for:) (in DVTAppStoreConnect)
 18   DistributionAppRecord.fetchBuilds(requestedVersion:appStoreConnectPlatform:) (in IDEFoundation)
 19   DistributionAppRecord.nextBuildNumber(requestedVersion:requestedBuildNumber:appStoreConnectPlatform:) (in IDEFoundation)
 20   @objc DistributionAppRecord.nextBuildNumber(requestedVersion:requestedBuildNumber:platform:) (in IDEFoundation)
 21   -[IDEDistributionAnalyzeVersionStep nextAvailableBuildNumberForAppRecord:error:] (in IDEFoundation)
 22   -[IDEDistributionAnalyzeVersionStep analyzeVersionWithError:] (in IDEFoundation)
 23   __63-[IDEDistributionAnalyzeVersionStepViewController setupVersion]_block_invoke_2 (in IDEKit)
 24   __DVT_CALLING_CLIENT_BLOCK__ (in DVTFoundation)
 25   __DVTDispatchAsync_block_invoke (in DVTFoundation)
 26   _dispatch_call_block_and_release (in libdispatch.dylib)
 27   _dispatch_client_callout (in libdispatch.dylib)
 28   _dispatch_continuation_pop (in libdispatch.dylib)
 29   _dispatch_async_redirect_invoke (in libdispatch.dylib)
 30   _dispatch_root_queue_drain (in libdispatch.dylib)
 31   _dispatch_worker_thread2 (in libdispatch.dylib)
 32   _pthread_wqthread (in libsystem_pthread.dylib)
 33   start_wqthread (in libsystem_pthread.dylib)
Process 24348 stopped
* thread #35, queue = 'ConcurrentQueue: -[IDEDistributionAnalyzeVersionStepViewController setupVersion]_block_invoke', stop reason = signal SIGABRT
    frame #0: 0x00000001884bce68 libsystem_kernel.dylib`__pthread_kill + 8
libsystem_kernel.dylib`__pthread_kill:
->  0x1884bce68 <+8>:  b.lo   0x1884bce88               ; <+40>
    0x1884bce6c <+12>: pacibsp 
    0x1884bce70 <+16>: stp    x29, x30, [sp, #-0x10]!
    0x1884bce74 <+20>: mov    x29, sp
Target 0: (Xcode) stopped.
(lldb) bt
* thread #35, queue = 'ConcurrentQueue: -[IDEDistributionAnalyzeVersionStepViewController setupVersion]_block_invoke', stop reason = signal SIGABRT
  * frame #0: 0x00000001884bce68 libsystem_kernel.dylib`__pthread_kill + 8
    frame #1: 0x00000001884ef43c libsystem_pthread.dylib`pthread_kill + 292
    frame #2: 0x0000000188437454 libsystem_c.dylib`abort + 124
    frame #3: 0x0000000101f7f63c IDEKit`+[IDEAssertionHandler _handleAssertionWithLogString:assertionSignature:assertionReason:extraBacktrace:] + 1256
    frame #4: 0x0000000101f80a7c IDEKit`-[IDEAssertionHandler handleUncaughtException:] + 860
    frame #5: 0x0000000101f80c88 IDEKit`IDEHandleUncaughtException + 96
    frame #6: 0x00000001886f5cfc CoreFoundation`__handleUncaughtException + 676
    frame #7: 0x0000000188397c88 libobjc.A.dylib`_objc_terminate() + 132
    frame #8: 0x00000001884acf2c libc++abi.dylib`std::__terminate(void (*)()) + 20
    frame #9: 0x00000001884aceb8 libc++abi.dylib`std::terminate() + 48
    frame #10: 0x00000001883ab28c libobjc.A.dylib`objc_terminate + 16
    frame #11: 0x000000018833fed4 libdispatch.dylib`_dispatch_client_callout + 40
    frame #12: 0x0000000188343398 libdispatch.dylib`_dispatch_continuation_pop + 448
    frame #13: 0x0000000188342a28 libdispatch.dylib`_dispatch_async_redirect_invoke + 592
    frame #14: 0x0000000188351684 libdispatch.dylib`_dispatch_root_queue_drain + 388
    frame #15: 0x0000000188351e90 libdispatch.dylib`_dispatch_worker_thread2 + 112
    frame #16: 0x00000001884eb860 libsystem_pthread.dylib`_pthread_wqthread + 216
(lldb) re re --all
General Purpose Registers:
        x0 = 0x0000000000000000
        x1 = 0x0000000000000000
        x2 = 0x0000000000000000
        x3 = 0x0000000000000000
        x4 = 0x0000000000000002
        x5 = 0x0000000000000010
        x6 = 0x0000000000000000
        x7 = 0x000000000000003e
        x8 = 0x131bf7b12e5ac4f9
        x9 = 0x131bf7b3cbe6b4f9
       x10 = 0x0000000000003ffe
       x11 = 0x00000001ff43d71a  
       x12 = 0x00000001ff43d71a  
       x13 = 0x000000000000001e
       x14 = 0x0000000000000881
       x15 = 0x000000008000001f
       x16 = 0x0000000000000148
       x17 = 0x00000001f6f6ee90  (void *)0x00000001884bce60: __pthread_kill
       x18 = 0x0000000000000000
       x19 = 0x0000000000000006
       x20 = 0x00000002e5bc7000
       x21 = 0x000000000002bc07
       x22 = 0x00000002e5bc70e0
       x23 = 0x00000002c7328260
       x24 = 0x0000000110ebd150
       x25 = 0x0000000102b0d000  (void *)0x00000001f334c8d0: NSThread
       x26 = 0x00000001618d3120
       x27 = 0x0000000000000000
       x28 = 0x00000001f3a44228  @"NSInvalidArgumentException"
        fp = 0x00000002e5bc6ae0
        lr = 0x00000001884ef43c  libsystem_pthread.dylib`pthread_kill + 292
        sp = 0x00000002e5bc6ac0
        pc = 0x00000001884bce68  libsystem_kernel.dylib`__pthread_kill + 8
      cpsr = 0x40001000
        w0 = 0x00000000
        w1 = 0x00000000
        w2 = 0x00000000
        w3 = 0x00000000
        w4 = 0x00000002
        w5 = 0x00000010
        w6 = 0x00000000
        w7 = 0x0000003e
        w8 = 0x2e5ac4f9
        w9 = 0xcbe6b4f9
       w10 = 0x00003ffe
       w11 = 0xff43d71a
       w12 = 0xff43d71a
       w13 = 0x0000001e
       w14 = 0x00000881
       w15 = 0x8000001f
       w16 = 0x00000148
       w17 = 0xf6f6ee90
       w18 = 0x00000000
       w19 = 0x00000006
       w20 = 0xe5bc7000
       w21 = 0x0002bc07
       w22 = 0xe5bc70e0
       w23 = 0xc7328260
       w24 = 0x10ebd150
       w25 = 0x02b0d000
       w26 = 0x618d3120
       w27 = 0x00000000
       w28 = 0xf3a44228

Floating Point Registers:
        v0 = {0x00 0xfd 0xe2 0x10 0x01 0x00 0x00 0x00 0xd0 0xfd 0xe2 0x10 0x01 0x00 0x00 0x00}
        v1 = {0x70 0xff 0xe2 0x10 0x01 0x00 0x00 0x00 0xc0 0x00 0xe3 0x10 0x01 0x00 0x00 0x00}
        v2 = {0xc0 0x00 0xe3 0x10 0x01 0x00 0x00 0x00 0xe0 0x3c 0x15 0xc7 0x02 0x00 0x00 0x00}
        v3 = {0x40 0x02 0xe3 0x10 0x01 0x00 0x00 0x00 0x50 0xfa 0xe2 0x10 0x01 0x00 0x00 0x00}
        v4 = {0x00 0x00 0x00 0x00 0xff 0xff 0xff 0xff 0x00 0x00 0x00 0x00 0x00 0x00 0x00 0x00}
        v5 = {0x61 0x70 0x70 0x53 0x74 0x6f 0x72 0x65 0x00 0x00 0x00 0x00 0x00 0x00 0x00 0x00}
        v6 = {0xf0 0x40 0xbc 0xe5 0x02 0x00 0x00 0x00 0x00 0x00 0x00 0x00 0x00 0x00 0x00 0x00}
        v7 = {0x3c 0x00 0x00 0x00 0x00 0x00 0x00 0x00 0x00 0x00 0x00 0x00 0x00 0x00 0x00 0x00}
        v8 = {0x00 0x00 0x00 0xc2 0x00 0x00 0x00 0x00 0x00 0x00 0x00 0x00 0x00 0x00 0x00 0x00}
        v9 = {0x00 0x00 0x00 0x00 0x00 0x00 0x00 0x00 0x00 0x00 0x00 0x00 0x00 0x00 0x00 0x00}
       v10 = {0x00 0x00 0x00 0x00 0x00 0x00 0x00 0x00 0x00 0x00 0x00 0x00 0x00 0x00 0x00 0x00}
       v11 = {0x00 0x00 0x00 0x00 0x00 0x00 0x00 0x00 0x00 0x00 0x00 0x00 0x00 0x00 0x00 0x00}
       v12 = {0x00 0x00 0x00 0x00 0x00 0x00 0x00 0x00 0x00 0x00 0x00 0x00 0x00 0x00 0x00 0x00}
       v13 = {0x00 0x00 0x00 0x00 0x00 0x00 0x00 0x00 0x00 0x00 0x00 0x00 0x00 0x00 0x00 0x00}
       v14 = {0x00 0x00 0x00 0x00 0x00 0x00 0x00 0x00 0x00 0x00 0x00 0x00 0x00 0x00 0x00 0x00}
       v15 = {0x00 0x00 0x00 0x00 0x00 0x00 0x00 0x00 0x00 0x00 0x00 0x00 0x00 0x00 0x00 0x00}
       v16 = {0x61 0x70 0x70 0x53 0x74 0x6f 0x72 0x65 0x00 0x00 0x00 0x00 0x00 0x00 0x00 0x00}
       v17 = {0x88 0x96 0xd3 0xe1 0x02 0x00 0x00 0x00 0x00 0x00 0x00 0x00 0x00 0x00 0x00 0x00}
       v18 = {0x56 0x65 0x72 0x73 0x69 0x6f 0x6e 0xef 0x00 0x00 0x00 0x00 0x00 0x00 0x00 0x00}
       v19 = {0x00 0x00 0x00 0x00 0x00 0x00 0x00 0xe1 0x00 0x00 0x00 0x00 0x00 0x00 0x00 0x00}
       v20 = {0x01 0x00 0x0f 0x00 0x00 0x00 0x00 0x00 0x00 0x00 0x00 0x00 0x00 0x00 0x00 0x00}
       v21 = {0x10 0x42 0xbc 0xe5 0x02 0x00 0x00 0x00 0x00 0x00 0x00 0x00 0x00 0x00 0x00 0x00}
       v22 = {0x60 0x42 0xbc 0xe5 0x02 0x00 0x00 0x00 0x00 0x00 0x00 0x00 0x00 0x00 0x00 0x00}
       v23 = {0x00 0x00 0x00 0x00 0x00 0x00 0x00 0x00 0x00 0x00 0x00 0x00 0x00 0x00 0x00 0x00}
       v24 = {0x00 0x00 0x00 0x00 0x00 0x00 0x00 0x00 0x00 0x00 0x00 0x00 0x00 0x00 0x00 0x00}
       v25 = {0x00 0x00 0x00 0x00 0x00 0x00 0x00 0x00 0x00 0x00 0x00 0x00 0x00 0x00 0x00 0x00}
       v26 = {0x00 0x00 0x00 0x00 0x00 0x00 0x00 0x00 0x00 0x00 0x00 0x00 0x00 0x00 0x00 0x00}
       v27 = {0x00 0x00 0x00 0x00 0x00 0x00 0x00 0x00 0x00 0x00 0x00 0x00 0x00 0x00 0x00 0x00}
       v28 = {0x00 0x00 0x00 0x00 0x00 0x00 0x00 0x00 0x00 0x00 0x00 0x00 0x00 0x00 0x00 0x00}
       v29 = {0x00 0x00 0x00 0x00 0x00 0x00 0x00 0x00 0x00 0x00 0x00 0x00 0x00 0x00 0x00 0x00}
       v30 = {0x00 0x00 0x00 0x00 0x00 0x00 0x00 0x00 0x00 0x00 0x00 0x00 0x00 0x00 0x00 0x00}
       v31 = {0x00 0x00 0x00 0x00 0x00 0x00 0x00 0x00 0x00 0x00 0x00 0x00 0x00 0x00 0x00 0x00}
      fpsr = 0x00000010
      fpcr = 0x00000000
        s0 = 8.95311e-29
        s1 = 8.95348e-29
        s2 = 8.95369e-29
        s3 = 8.95392e-29
        s4 = 0
        s5 = 1.03268e+12
        s6 = -1.11125e+23
        s7 = 8.40779e-44
        s8 = -32
        s9 = 0
       s10 = 0
       s11 = 0
       s12 = 0
       s13 = 0
       s14 = 0
       s15 = 0
       s16 = 1.03268e+12
       s17 = -4.87889e+20
       s18 = 1.92046e+31
       s19 = 0
       s20 = 1.37753e-39
       s21 = -1.11128e+23
       s22 = -1.11129e+23
       s23 = 0
       s24 = 0
       s25 = 0
       s26 = 0
       s27 = 0
       s28 = 0
       s29 = 0
       s30 = 0
       s31 = 0
        d0 = 2.26197020101783e-314
        d1 = 2.2619705093148e-314
        d2 = 2.26197067532085e-314
        d3 = 2.26197086504206e-314
        d4 = nan
        d5 = 4.78111560104431e+180
        d6 = 6.14827861086393e-314
        d7 = 2.96439387504748e-322
        d8 = 1.60807493534087e-314
        d9 = 0
       d10 = 0
       d11 = 0
       d12 = 0
       d13 = 0
       d14 = 0
       d15 = 0
       d16 = 4.78111560104431e+180
       d17 = 6.11587797157834e-314
       d18 = -5.76796911573281e+228
       d19 = -1.75738820099344e+159
       d20 = 4.85686786553425e-318
       d21 = 6.14827875315483e-314
       d22 = 6.14827879268008e-314
       d23 = 0
       d24 = 0
       d25 = 0
       d26 = 0
       d27 = 0
       d28 = 0
       d29 = 0
       d30 = 0
       d31 = 0

Exception State Registers:
       far = 0x0000000152a58000
       esr = 0x56000080
  exception = 0x00000000

AMX Registers:
    amx_x0 = {0x00 0x00 0x00 0x00 0x00 0x00 0x00 0x00 0x00 0x00 0x00 0x00 0x00 0x00 0x00 0x00 0x00 0x00 0x00 0x00 0x00 0x00 0x00 0x00 0x00 0x00 0x00 0x00 0x00 0x00 0x00 0x00 0x00 0x00 0x00 0x00 0x00 0x00 0x00 0x00 0x00 0x00 0x00 0x00 0x00 0x00 0x00 0x00 0x00 0x00 0x00 0x00 0x00 0x00 0x00 0x00 0x00 0x00 0x00 0x00 0x00 0x00 0x00 0x00}
    amx_x1 = {0x00 0x00 0x00 0x00 0x00 0x00 0x00 0x00 0x00 0x00 0x00 0x00 0x00 0x00 0x00 0x00 0x00 0x00 0x00 0x00 0x00 0x00 0x00 0x00 0x00 0x00 0x00 0x00 0x00 0x00 0x00 0x00 0x00 0x00 0x00 0x00 0x00 0x00 0x00 0x00 0x00 0x00 0x00 0x00 0x00 0x00 0x00 0x00 0x00 0x00 0x00 0x00 0x00 0x00 0x00 0x00 0x00 0x00 0x00 0x00 0x00 0x00 0x00 0x00}
    amx_x2 = {0x00 0x00 0x00 0x00 0x00 0x00 0x00 0x00 0x00 0x00 0x00 0x00 0x00 0x00 0x00 0x00 0x00 0x00 0x00 0x00 0x00 0x00 0x00 0x00 0x00 0x00 0x00 0x00 0x00 0x00 0x00 0x00 0x00 0x00 0x00 0x00 0x00 0x00 0x00 0x00 0x00 0x00 0x00 0x00 0x00 0x00 0x00 0x00 0x00 0x00 0x00 0x00 0x00 0x00 0x00 0x00 0x00 0x00 0x00 0x00 0x00 0x00 0x00 0x00}
    amx_x3 = {0x00 0x00 0x00 0x00 0x00 0x00 0x00 0x00 0x00 0x00 0x00 0x00 0x00 0x00 0x00 0x00 0x00 0x00 0x00 0x00 0x00 0x00 0x00 0x00 0x00 0x00 0x00 0x00 0x00 0x00 0x00 0x00 0x00 0x00 0x00 0x00 0x00 0x00 0x00 0x00 0x00 0x00 0x00 0x00 0x00 0x00 0x00 0x00 0x00 0x00 0x00 0x00 0x00 0x00 0x00 0x00 0x00 0x00 0x00 0x00 0x00 0x00 0x00 0x00}
    amx_x4 = {0x00 0x00 0x00 0x00 0x00 0x00 0x00 0x00 0x00 0x00 0x00 0x00 0x00 0x00 0x00 0x00 0x00 0x00 0x00 0x00 0x00 0x00 0x00 0x00 0x00 0x00 0x00 0x00 0x00 0x00 0x00 0x00 0x00 0x00 0x00 0x00 0x00 0x00 0x00 0x00 0x00 0x00 0x00 0x00 0x00 0x00 0x00 0x00 0x00 0x00 0x00 0x00 0x00 0x00 0x00 0x00 0x00 0x00 0x00 0x00 0x00 0x00 0x00 0x00}
    amx_x5 = {0x00 0x00 0x00 0x00 0x00 0x00 0x00 0x00 0x00 0x00 0x00 0x00 0x00 0x00 0x00 0x00 0x00 0x00 0x00 0x00 0x00 0x00 0x00 0x00 0x00 0x00 0x00 0x00 0x00 0x00 0x00 0x00 0x00 0x00 0x00 0x00 0x00 0x00 0x00 0x00 0x00 0x00 0x00 0x00 0x00 0x00 0x00 0x00 0x00 0x00 0x00 0x00 0x00 0x00 0x00 0x00 0x00 0x00 0x00 0x00 0x00 0x00 0x00 0x00}
    amx_x6 = {0x00 0x00 0x00 0x00 0x00 0x00 0x00 0x00 0x00 0x00 0x00 0x00 0x00 0x00 0x00 0x00 0x00 0x00 0x00 0x00 0x00 0x00 0x00 0x00 0x00 0x00 0x00 0x00 0x00 0x00 0x00 0x00 0x00 0x00 0x00 0x00 0x00 0x00 0x00 0x00 0x00 0x00 0x00 0x00 0x00 0x00 0x00 0x00 0x00 0x00 0x00 0x00 0x00 0x00 0x00 0x00 0x00 0x00 0x00 0x00 0x00 0x00 0x00 0x00}
    amx_x7 = {0x00 0x00 0x00 0x00 0x00 0x00 0x00 0x00 0x00 0x00 0x00 0x00 0x00 0x00 0x00 0x00 0x00 0x00 0x00 0x00 0x00 0x00 0x00 0x00 0x00 0x00 0x00 0x00 0x00 0x00 0x00 0x00 0x00 0x00 0x00 0x00 0x00 0x00 0x00 0x00 0x00 0x00 0x00 0x00 0x00 0x00 0x00 0x00 0x00 0x00 0x00 0x00 0x00 0x00 0x00 0x00 0x00 0x00 0x00 0x00 0x00 0x00 0x00 0x00}
    amx_y0 = {0x00 0x00 0x00 0x00 0x00 0x00 0x00 0x00 0x00 0x00 0x00 0x00 0x00 0x00 0x00 0x00 0x00 0x00 0x00 0x00 0x00 0x00 0x00 0x00 0x00 0x00 0x00 0x00 0x00 0x00 0x00 0x00 0x00 0x00 0x00 0x00 0x00 0x00 0x00 0x00 0x00 0x00 0x00 0x00 0x00 0x00 0x00 0x00 0x00 0x00 0x00 0x00 0x00 0x00 0x00 0x00 0x00 0x00 0x00 0x00 0x00 0x00 0x00 0x00}
    amx_y1 = {0x00 0x00 0x00 0x00 0x00 0x00 0x00 0x00 0x00 0x00 0x00 0x00 0x00 0x00 0x00 0x00 0x00 0x00 0x00 0x00 0x00 0x00 0x00 0x00 0x00 0x00 0x00 0x00 0x00 0x00 0x00 0x00 0x00 0x00 0x00 0x00 0x00 0x00 0x00 0x00 0x00 0x00 0x00 0x00 0x00 0x00 0x00 0x00 0x00 0x00 0x00 0x00 0x00 0x00 0x00 0x00 0x00 0x00 0x00 0x00 0x00 0x00 0x00 0x00}
    amx_y2 = {0x00 0x00 0x00 0x00 0x00 0x00 0x00 0x00 0x00 0x00 0x00 0x00 0x00 0x00 0x00 0x00 0x00 0x00 0x00 0x00 0x00 0x00 0x00 0x00 0x00 0x00 0x00 0x00 0x00 0x00 0x00 0x00 0x00 0x00 0x00 0x00 0x00 0x00 0x00 0x00 0x00 0x00 0x00 0x00 0x00 0x00 0x00 0x00 0x00 0x00 0x00 0x00 0x00 0x00 0x00 0x00 0x00 0x00 0x00 0x00 0x00 0x00 0x00 0x00}
    amx_y3 = {0x00 0x00 0x00 0x00 0x00 0x00 0x00 0x00 0x00 0x00 0x00 0x00 0x00 0x00 0x00 0x00 0x00 0x00 0x00 0x00 0x00 0x00 0x00 0x00 0x00 0x00 0x00 0x00 0x00 0x00 0x00 0x00 0x00 0x00 0x00 0x00 0x00 0x00 0x00 0x00 0x00 0x00 0x00 0x00 0x00 0x00 0x00 0x00 0x00 0x00 0x00 0x00 0x00 0x00 0x00 0x00 0x00 0x00 0x00 0x00 0x00 0x00 0x00 0x00}
    amx_y4 = {0x00 0x00 0x00 0x00 0x00 0x00 0x00 0x00 0x00 0x00 0x00 0x00 0x00 0x00 0x00 0x00 0x00 0x00 0x00 0x00 0x00 0x00 0x00 0x00 0x00 0x00 0x00 0x00 0x00 0x00 0x00 0x00 0x00 0x00 0x00 0x00 0x00 0x00 0x00 0x00 0x00 0x00 0x00 0x00 0x00 0x00 0x00 0x00 0x00 0x00 0x00 0x00 0x00 0x00 0x00 0x00 0x00 0x00 0x00 0x00 0x00 0x00 0x00 0x00}
    amx_y5 = {0x00 0x00 0x00 0x00 0x00 0x00 0x00 0x00 0x00 0x00 0x00 0x00 0x00 0x00 0x00 0x00 0x00 0x00 0x00 0x00 0x00 0x00 0x00 0x00 0x00 0x00 0x00 0x00 0x00 0x00 0x00 0x00 0x00 0x00 0x00 0x00 0x00 0x00 0x00 0x00 0x00 0x00 0x00 0x00 0x00 0x00 0x00 0x00 0x00 0x00 0x00 0x00 0x00 0x00 0x00 0x00 0x00 0x00 0x00 0x00 0x00 0x00 0x00 0x00}
    amx_y6 = {0x00 0x00 0x00 0x00 0x00 0x00 0x00 0x00 0x00 0x00 0x00 0x00 0x00 0x00 0x00 0x00 0x00 0x00 0x00 0x00 0x00 0x00 0x00 0x00 0x00 0x00 0x00 0x00 0x00 0x00 0x00 0x00 0x00 0x00 0x00 0x00 0x00 0x00 0x00 0x00 0x00 0x00 0x00 0x00 0x00 0x00 0x00 0x00 0x00 0x00 0x00 0x00 0x00 0x00 0x00 0x00 0x00 0x00 0x00 0x00 0x00 0x00 0x00 0x00}
    amx_y7 = {0x00 0x00 0x00 0x00 0x00 0x00 0x00 0x00 0x00 0x00 0x00 0x00 0x00 0x00 0x00 0x00 0x00 0x00 0x00 0x00 0x00 0x00 0x00 0x00 0x00 0x00 0x00 0x00 0x00 0x00 0x00 0x00 0x00 0x00 0x00 0x00 0x00 0x00 0x00 0x00 0x00 0x00 0x00 0x00 0x00 0x00 0x00 0x00 0x00 0x00 0x00 0x00 0x00 0x00 0x00 0x00 0x00 0x00 0x00 0x00 0x00 0x00 0x00 0x00}
    amx_z0 = {0x00 0x00 0x00 0x00 0x00 0x00 0x00 0x00 0x00 0x00 0x00 0x00 0x00 0x00 0x00 0x00 0x00 0x00 0x00 0x00 0x00 0x00 0x00 0x00 0x00 0x00 0x00 0x00 0x00 0x00 0x00 0x00 0x00 0x00 0x00 0x00 0x00 0x00 0x00 0x00 0x00 0x00 0x00 0x00 0x00 0x00 0x00 0x00 0x00 0x00 0x00 0x00 0x00 0x00 0x00 0x00 0x00 0x00 0x00 0x00 0x00 0x00 0x00 0x00}
    amx_z1 = {0x00 0x00 0x00 0x00 0x00 0x00 0x00 0x00 0x00 0x00 0x00 0x00 0x00 0x00 0x00 0x00 0x00 0x00 0x00 0x00 0x00 0x00 0x00 0x00 0x00 0x00 0x00 0x00 0x00 0x00 0x00 0x00 0x00 0x00 0x00 0x00 0x00 0x00 0x00 0x00 0x00 0x00 0x00 0x00 0x00 0x00 0x00 0x00 0x00 0x00 0x00 0x00 0x00 0x00 0x00 0x00 0x00 0x00 0x00 0x00 0x00 0x00 0x00 0x00}
    amx_z2 = {0x00 0x00 0x00 0x00 0x00 0x00 0x00 0x00 0x00 0x00 0x00 0x00 0x00 0x00 0x00 0x00 0x00 0x00 0x00 0x00 0x00 0x00 0x00 0x00 0x00 0x00 0x00 0x00 0x00 0x00 0x00 0x00 0x00 0x00 0x00 0x00 0x00 0x00 0x00 0x00 0x00 0x00 0x00 0x00 0x00 0x00 0x00 0x00 0x00 0x00 0x00 0x00 0x00 0x00 0x00 0x00 0x00 0x00 0x00 0x00 0x00 0x00 0x00 0x00}
    amx_z3 = {0x00 0x00 0x00 0x00 0x00 0x00 0x00 0x00 0x00 0x00 0x00 0x00 0x00 0x00 0x00 0x00 0x00 0x00 0x00 0x00 0x00 0x00 0x00 0x00 0x00 0x00 0x00 0x00 0x00 0x00 0x00 0x00 0x00 0x00 0x00 0x00 0x00 0x00 0x00 0x00 0x00 0x00 0x00 0x00 0x00 0x00 0x00 0x00 0x00 0x00 0x00 0x00 0x00 0x00 0x00 0x00 0x00 0x00 0x00 0x00 0x00 0x00 0x00 0x00}
    amx_z4 = {0x00 0x00 0x00 0x00 0x00 0x00 0x00 0x00 0x00 0x00 0x00 0x00 0x00 0x00 0x00 0x00 0x00 0x00 0x00 0x00 0x00 0x00 0x00 0x00 0x00 0x00 0x00 0x00 0x00 0x00 0x00 0x00 0x00 0x00 0x00 0x00 0x00 0x00 0x00 0x00 0x00 0x00 0x00 0x00 0x00 0x00 0x00 0x00 0x00 0x00 0x00 0x00 0x00 0x00 0x00 0x00 0x00 0x00 0x00 0x00 0x00 0x00 0x00 0x00}
    amx_z5 = {0x00 0x00 0x00 0x00 0x00 0x00 0x00 0x00 0x00 0x00 0x00 0x00 0x00 0x00 0x00 0x00 0x00 0x00 0x00 0x00 0x00 0x00 0x00 0x00 0x00 0x00 0x00 0x00 0x00 0x00 0x00 0x00 0x00 0x00 0x00 0x00 0x00 0x00 0x00 0x00 0x00 0x00 0x00 0x00 0x00 0x00 0x00 0x00 0x00 0x00 0x00 0x00 0x00 0x00 0x00 0x00 0x00 0x00 0x00 0x00 0x00 0x00 0x00 0x00}
    amx_z6 = {0x00 0x00 0x00 0x00 0x00 0x00 0x00 0x00 0x00 0x00 0x00 0x00 0x00 0x00 0x00 0x00 0x00 0x00 0x00 0x00 0x00 0x00 0x00 0x00 0x00 0x00 0x00 0x00 0x00 0x00 0x00 0x00 0x00 0x00 0x00 0x00 0x00 0x00 0x00 0x00 0x00 0x00 0x00 0x00 0x00 0x00 0x00 0x00 0x00 0x00 0x00 0x00 0x00 0x00 0x00 0x00 0x00 0x00 0x00 0x00 0x00 0x00 0x00 0x00}
    amx_z7 = {0x00 0x00 0x00 0x00 0x00 0x00 0x00 0x00 0x00 0x00 0x00 0x00 0x00 0x00 0x00 0x00 0x00 0x00 0x00 0x00 0x00 0x00 0x00 0x00 0x00 0x00 0x00 0x00 0x00 0x00 0x00 0x00 0x00 0x00 0x00 0x00 0x00 0x00 0x00 0x00 0x00 0x00 0x00 0x00 0x00 0x00 0x00 0x00 0x00 0x00 0x00 0x00 0x00 0x00 0x00 0x00 0x00 0x00 0x00 0x00 0x00 0x00 0x00 0x00}
    amx_z8 = {0x00 0x00 0x00 0x00 0x00 0x00 0x00 0x00 0x00 0x00 0x00 0x00 0x00 0x00 0x00 0x00 0x00 0x00 0x00 0x00 0x00 0x00 0x00 0x00 0x00 0x00 0x00 0x00 0x00 0x00 0x00 0x00 0x00 0x00 0x00 0x00 0x00 0x00 0x00 0x00 0x00 0x00 0x00 0x00 0x00 0x00 0x00 0x00 0x00 0x00 0x00 0x00 0x00 0x00 0x00 0x00 0x00 0x00 0x00 0x00 0x00 0x00 0x00 0x00}
    amx_z9 = {0x00 0x00 0x00 0x00 0x00 0x00 0x00 0x00 0x00 0x00 0x00 0x00 0x00 0x00 0x00 0x00 0x00 0x00 0x00 0x00 0x00 0x00 0x00 0x00 0x00 0x00 0x00 0x00 0x00 0x00 0x00 0x00 0x00 0x00 0x00 0x00 0x00 0x00 0x00 0x00 0x00 0x00 0x00 0x00 0x00 0x00 0x00 0x00 0x00 0x00 0x00 0x00 0x00 0x00 0x00 0x00 0x00 0x00 0x00 0x00 0x00 0x00 0x00 0x00}
   amx_z10 = {0x00 0x00 0x00 0x00 0x00 0x00 0x00 0x00 0x00 0x00 0x00 0x00 0x00 0x00 0x00 0x00 0x00 0x00 0x00 0x00 0x00 0x00 0x00 0x00 0x00 0x00 0x00 0x00 0x00 0x00 0x00 0x00 0x00 0x00 0x00 0x00 0x00 0x00 0x00 0x00 0x00 0x00 0x00 0x00 0x00 0x00 0x00 0x00 0x00 0x00 0x00 0x00 0x00 0x00 0x00 0x00 0x00 0x00 0x00 0x00 0x00 0x00 0x00 0x00}
   amx_z11 = {0x00 0x00 0x00 0x00 0x00 0x00 0x00 0x00 0x00 0x00 0x00 0x00 0x00 0x00 0x00 0x00 0x00 0x00 0x00 0x00 0x00 0x00 0x00 0x00 0x00 0x00 0x00 0x00 0x00 0x00 0x00 0x00 0x00 0x00 0x00 0x00 0x00 0x00 0x00 0x00 0x00 0x00 0x00 0x00 0x00 0x00 0x00 0x00 0x00 0x00 0x00 0x00 0x00 0x00 0x00 0x00 0x00 0x00 0x00 0x00 0x00 0x00 0x00 0x00}
   amx_z12 = {0x00 0x00 0x00 0x00 0x00 0x00 0x00 0x00 0x00 0x00 0x00 0x00 0x00 0x00 0x00 0x00 0x00 0x00 0x00 0x00 0x00 0x00 0x00 0x00 0x00 0x00 0x00 0x00 0x00 0x00 0x00 0x00 0x00 0x00 0x00 0x00 0x00 0x00 0x00 0x00 0x00 0x00 0x00 0x00 0x00 0x00 0x00 0x00 0x00 0x00 0x00 0x00 0x00 0x00 0x00 0x00 0x00 0x00 0x00 0x00 0x00 0x00 0x00 0x00}
   amx_z13 = {0x00 0x00 0x00 0x00 0x00 0x00 0x00 0x00 0x00 0x00 0x00 0x00 0x00 0x00 0x00 0x00 0x00 0x00 0x00 0x00 0x00 0x00 0x00 0x00 0x00 0x00 0x00 0x00 0x00 0x00 0x00 0x00 0x00 0x00 0x00 0x00 0x00 0x00 0x00 0x00 0x00 0x00 0x00 0x00 0x00 0x00 0x00 0x00 0x00 0x00 0x00 0x00 0x00 0x00 0x00 0x00 0x00 0x00 0x00 0x00 0x00 0x00 0x00 0x00}
   amx_z14 = {0x00 0x00 0x00 0x00 0x00 0x00 0x00 0x00 0x00 0x00 0x00 0x00 0x00 0x00 0x00 0x00 0x00 0x00 0x00 0x00 0x00 0x00 0x00 0x00 0x00 0x00 0x00 0x00 0x00 0x00 0x00 0x00 0x00 0x00 0x00 0x00 0x00 0x00 0x00 0x00 0x00 0x00 0x00 0x00 0x00 0x00 0x00 0x00 0x00 0x00 0x00 0x00 0x00 0x00 0x00 0x00 0x00 0x00 0x00 0x00 0x00 0x00 0x00 0x00}
   amx_z15 = {0x00 0x00 0x00 0x00 0x00 0x00 0x00 0x00 0x00 0x00 0x00 0x00 0x00 0x00 0x00 0x00 0x00 0x00 0x00 0x00 0x00 0x00 0x00 0x00 0x00 0x00 0x00 0x00 0x00 0x00 0x00 0x00 0x00 0x00 0x00 0x00 0x00 0x00 0x00 0x00 0x00 0x00 0x00 0x00 0x00 0x00 0x00 0x00 0x00 0x00 0x00 0x00 0x00 0x00 0x00 0x00 0x00 0x00 0x00 0x00 0x00 0x00 0x00 0x00}
   amx_z16 = {0x00 0x00 0x00 0x00 0x00 0x00 0x00 0x00 0x00 0x00 0x00 0x00 0x00 0x00 0x00 0x00 0x00 0x00 0x00 0x00 0x00 0x00 0x00 0x00 0x00 0x00 0x00 0x00 0x00 0x00 0x00 0x00 0x00 0x00 0x00 0x00 0x00 0x00 0x00 0x00 0x00 0x00 0x00 0x00 0x00 0x00 0x00 0x00 0x00 0x00 0x00 0x00 0x00 0x00 0x00 0x00 0x00 0x00 0x00 0x00 0x00 0x00 0x00 0x00}
   amx_z17 = {0x00 0x00 0x00 0x00 0x00 0x00 0x00 0x00 0x00 0x00 0x00 0x00 0x00 0x00 0x00 0x00 0x00 0x00 0x00 0x00 0x00 0x00 0x00 0x00 0x00 0x00 0x00 0x00 0x00 0x00 0x00 0x00 0x00 0x00 0x00 0x00 0x00 0x00 0x00 0x00 0x00 0x00 0x00 0x00 0x00 0x00 0x00 0x00 0x00 0x00 0x00 0x00 0x00 0x00 0x00 0x00 0x00 0x00 0x00 0x00 0x00 0x00 0x00 0x00}
   amx_z18 = {0x00 0x00 0x00 0x00 0x00 0x00 0x00 0x00 0x00 0x00 0x00 0x00 0x00 0x00 0x00 0x00 0x00 0x00 0x00 0x00 0x00 0x00 0x00 0x00 0x00 0x00 0x00 0x00 0x00 0x00 0x00 0x00 0x00 0x00 0x00 0x00 0x00 0x00 0x00 0x00 0x00 0x00 0x00 0x00 0x00 0x00 0x00 0x00 0x00 0x00 0x00 0x00 0x00 0x00 0x00 0x00 0x00 0x00 0x00 0x00 0x00 0x00 0x00 0x00}
   amx_z19 = {0x00 0x00 0x00 0x00 0x00 0x00 0x00 0x00 0x00 0x00 0x00 0x00 0x00 0x00 0x00 0x00 0x00 0x00 0x00 0x00 0x00 0x00 0x00 0x00 0x00 0x00 0x00 0x00 0x00 0x00 0x00 0x00 0x00 0x00 0x00 0x00 0x00 0x00 0x00 0x00 0x00 0x00 0x00 0x00 0x00 0x00 0x00 0x00 0x00 0x00 0x00 0x00 0x00 0x00 0x00 0x00 0x00 0x00 0x00 0x00 0x00 0x00 0x00 0x00}
   amx_z20 = {0x00 0x00 0x00 0x00 0x00 0x00 0x00 0x00 0x00 0x00 0x00 0x00 0x00 0x00 0x00 0x00 0x00 0x00 0x00 0x00 0x00 0x00 0x00 0x00 0x00 0x00 0x00 0x00 0x00 0x00 0x00 0x00 0x00 0x00 0x00 0x00 0x00 0x00 0x00 0x00 0x00 0x00 0x00 0x00 0x00 0x00 0x00 0x00 0x00 0x00 0x00 0x00 0x00 0x00 0x00 0x00 0x00 0x00 0x00 0x00 0x00 0x00 0x00 0x00}
   amx_z21 = {0x00 0x00 0x00 0x00 0x00 0x00 0x00 0x00 0x00 0x00 0x00 0x00 0x00 0x00 0x00 0x00 0x00 0x00 0x00 0x00 0x00 0x00 0x00 0x00 0x00 0x00 0x00 0x00 0x00 0x00 0x00 0x00 0x00 0x00 0x00 0x00 0x00 0x00 0x00 0x00 0x00 0x00 0x00 0x00 0x00 0x00 0x00 0x00 0x00 0x00 0x00 0x00 0x00 0x00 0x00 0x00 0x00 0x00 0x00 0x00 0x00 0x00 0x00 0x00}
   amx_z22 = {0x00 0x00 0x00 0x00 0x00 0x00 0x00 0x00 0x00 0x00 0x00 0x00 0x00 0x00 0x00 0x00 0x00 0x00 0x00 0x00 0x00 0x00 0x00 0x00 0x00 0x00 0x00 0x00 0x00 0x00 0x00 0x00 0x00 0x00 0x00 0x00 0x00 0x00 0x00 0x00 0x00 0x00 0x00 0x00 0x00 0x00 0x00 0x00 0x00 0x00 0x00 0x00 0x00 0x00 0x00 0x00 0x00 0x00 0x00 0x00 0x00 0x00 0x00 0x00}
   amx_z23 = {0x00 0x00 0x00 0x00 0x00 0x00 0x00 0x00 0x00 0x00 0x00 0x00 0x00 0x00 0x00 0x00 0x00 0x00 0x00 0x00 0x00 0x00 0x00 0x00 0x00 0x00 0x00 0x00 0x00 0x00 0x00 0x00 0x00 0x00 0x00 0x00 0x00 0x00 0x00 0x00 0x00 0x00 0x00 0x00 0x00 0x00 0x00 0x00 0x00 0x00 0x00 0x00 0x00 0x00 0x00 0x00 0x00 0x00 0x00 0x00 0x00 0x00 0x00 0x00}
   amx_z24 = {0x00 0x00 0x00 0x00 0x00 0x00 0x00 0x00 0x00 0x00 0x00 0x00 0x00 0x00 0x00 0x00 0x00 0x00 0x00 0x00 0x00 0x00 0x00 0x00 0x00 0x00 0x00 0x00 0x00 0x00 0x00 0x00 0x00 0x00 0x00 0x00 0x00 0x00 0x00 0x00 0x00 0x00 0x00 0x00 0x00 0x00 0x00 0x00 0x00 0x00 0x00 0x00 0x00 0x00 0x00 0x00 0x00 0x00 0x00 0x00 0x00 0x00 0x00 0x00}
   amx_z25 = {0x00 0x00 0x00 0x00 0x00 0x00 0x00 0x00 0x00 0x00 0x00 0x00 0x00 0x00 0x00 0x00 0x00 0x00 0x00 0x00 0x00 0x00 0x00 0x00 0x00 0x00 0x00 0x00 0x00 0x00 0x00 0x00 0x00 0x00 0x00 0x00 0x00 0x00 0x00 0x00 0x00 0x00 0x00 0x00 0x00 0x00 0x00 0x00 0x00 0x00 0x00 0x00 0x00 0x00 0x00 0x00 0x00 0x00 0x00 0x00 0x00 0x00 0x00 0x00}
   amx_z26 = {0x00 0x00 0x00 0x00 0x00 0x00 0x00 0x00 0x00 0x00 0x00 0x00 0x00 0x00 0x00 0x00 0x00 0x00 0x00 0x00 0x00 0x00 0x00 0x00 0x00 0x00 0x00 0x00 0x00 0x00 0x00 0x00 0x00 0x00 0x00 0x00 0x00 0x00 0x00 0x00 0x00 0x00 0x00 0x00 0x00 0x00 0x00 0x00 0x00 0x00 0x00 0x00 0x00 0x00 0x00 0x00 0x00 0x00 0x00 0x00 0x00 0x00 0x00 0x00}
   amx_z27 = {0x00 0x00 0x00 0x00 0x00 0x00 0x00 0x00 0x00 0x00 0x00 0x00 0x00 0x00 0x00 0x00 0x00 0x00 0x00 0x00 0x00 0x00 0x00 0x00 0x00 0x00 0x00 0x00 0x00 0x00 0x00 0x00 0x00 0x00 0x00 0x00 0x00 0x00 0x00 0x00 0x00 0x00 0x00 0x00 0x00 0x00 0x00 0x00 0x00 0x00 0x00 0x00 0x00 0x00 0x00 0x00 0x00 0x00 0x00 0x00 0x00 0x00 0x00 0x00}
   amx_z28 = {0x00 0x00 0x00 0x00 0x00 0x00 0x00 0x00 0x00 0x00 0x00 0x00 0x00 0x00 0x00 0x00 0x00 0x00 0x00 0x00 0x00 0x00 0x00 0x00 0x00 0x00 0x00 0x00 0x00 0x00 0x00 0x00 0x00 0x00 0x00 0x00 0x00 0x00 0x00 0x00 0x00 0x00 0x00 0x00 0x00 0x00 0x00 0x00 0x00 0x00 0x00 0x00 0x00 0x00 0x00 0x00 0x00 0x00 0x00 0x00 0x00 0x00 0x00 0x00}
   amx_z29 = {0x00 0x00 0x00 0x00 0x00 0x00 0x00 0x00 0x00 0x00 0x00 0x00 0x00 0x00 0x00 0x00 0x00 0x00 0x00 0x00 0x00 0x00 0x00 0x00 0x00 0x00 0x00 0x00 0x00 0x00 0x00 0x00 0x00 0x00 0x00 0x00 0x00 0x00 0x00 0x00 0x00 0x00 0x00 0x00 0x00 0x00 0x00 0x00 0x00 0x00 0x00 0x00 0x00 0x00 0x00 0x00 0x00 0x00 0x00 0x00 0x00 0x00 0x00 0x00}
   amx_z30 = {0x00 0x00 0x00 0x00 0x00 0x00 0x00 0x00 0x00 0x00 0x00 0x00 0x00 0x00 0x00 0x00 0x00 0x00 0x00 0x00 0x00 0x00 0x00 0x00 0x00 0x00 0x00 0x00 0x00 0x00 0x00 0x00 0x00 0x00 0x00 0x00 0x00 0x00 0x00 0x00 0x00 0x00 0x00 0x00 0x00 0x00 0x00 0x00 0x00 0x00 0x00 0x00 0x00 0x00 0x00 0x00 0x00 0x00 0x00 0x00 0x00 0x00 0x00 0x00}
   amx_z31 = {0x00 0x00 0x00 0x00 0x00 0x00 0x00 0x00 0x00 0x00 0x00 0x00 0x00 0x00 0x00 0x00 0x00 0x00 0x00 0x00 0x00 0x00 0x00 0x00 0x00 0x00 0x00 0x00 0x00 0x00 0x00 0x00 0x00 0x00 0x00 0x00 0x00 0x00 0x00 0x00 0x00 0x00 0x00 0x00 0x00 0x00 0x00 0x00 0x00 0x00 0x00 0x00 0x00 0x00 0x00 0x00 0x00 0x00 0x00 0x00 0x00 0x00 0x00 0x00}
   amx_z32 = {0x00 0x00 0x00 0x00 0x00 0x00 0x00 0x00 0x00 0x00 0x00 0x00 0x00 0x00 0x00 0x00 0x00 0x00 0x00 0x00 0x00 0x00 0x00 0x00 0x00 0x00 0x00 0x00 0x00 0x00 0x00 0x00 0x00 0x00 0x00 0x00 0x00 0x00 0x00 0x00 0x00 0x00 0x00 0x00 0x00 0x00 0x00 0x00 0x00 0x00 0x00 0x00 0x00 0x00 0x00 0x00 0x00 0x00 0x00 0x00 0x00 0x00 0x00 0x00}
   amx_z33 = {0x00 0x00 0x00 0x00 0x00 0x00 0x00 0x00 0x00 0x00 0x00 0x00 0x00 0x00 0x00 0x00 0x00 0x00 0x00 0x00 0x00 0x00 0x00 0x00 0x00 0x00 0x00 0x00 0x00 0x00 0x00 0x00 0x00 0x00 0x00 0x00 0x00 0x00 0x00 0x00 0x00 0x00 0x00 0x00 0x00 0x00 0x00 0x00 0x00 0x00 0x00 0x00 0x00 0x00 0x00 0x00 0x00 0x00 0x00 0x00 0x00 0x00 0x00 0x00}
   amx_z34 = {0x00 0x00 0x00 0x00 0x00 0x00 0x00 0x00 0x00 0x00 0x00 0x00 0x00 0x00 0x00 0x00 0x00 0x00 0x00 0x00 0x00 0x00 0x00 0x00 0x00 0x00 0x00 0x00 0x00 0x00 0x00 0x00 0x00 0x00 0x00 0x00 0x00 0x00 0x00 0x00 0x00 0x00 0x00 0x00 0x00 0x00 0x00 0x00 0x00 0x00 0x00 0x00 0x00 0x00 0x00 0x00 0x00 0x00 0x00 0x00 0x00 0x00 0x00 0x00}
   amx_z35 = {0x00 0x00 0x00 0x00 0x00 0x00 0x00 0x00 0x00 0x00 0x00 0x00 0x00 0x00 0x00 0x00 0x00 0x00 0x00 0x00 0x00 0x00 0x00 0x00 0x00 0x00 0x00 0x00 0x00 0x00 0x00 0x00 0x00 0x00 0x00 0x00 0x00 0x00 0x00 0x00 0x00 0x00 0x00 0x00 0x00 0x00 0x00 0x00 0x00 0x00 0x00 0x00 0x00 0x00 0x00 0x00 0x00 0x00 0x00 0x00 0x00 0x00 0x00 0x00}
   amx_z36 = {0x00 0x00 0x00 0x00 0x00 0x00 0x00 0x00 0x00 0x00 0x00 0x00 0x00 0x00 0x00 0x00 0x00 0x00 0x00 0x00 0x00 0x00 0x00 0x00 0x00 0x00 0x00 0x00 0x00 0x00 0x00 0x00 0x00 0x00 0x00 0x00 0x00 0x00 0x00 0x00 0x00 0x00 0x00 0x00 0x00 0x00 0x00 0x00 0x00 0x00 0x00 0x00 0x00 0x00 0x00 0x00 0x00 0x00 0x00 0x00 0x00 0x00 0x00 0x00}
   amx_z37 = {0x00 0x00 0x00 0x00 0x00 0x00 0x00 0x00 0x00 0x00 0x00 0x00 0x00 0x00 0x00 0x00 0x00 0x00 0x00 0x00 0x00 0x00 0x00 0x00 0x00 0x00 0x00 0x00 0x00 0x00 0x00 0x00 0x00 0x00 0x00 0x00 0x00 0x00 0x00 0x00 0x00 0x00 0x00 0x00 0x00 0x00 0x00 0x00 0x00 0x00 0x00 0x00 0x00 0x00 0x00 0x00 0x00 0x00 0x00 0x00 0x00 0x00 0x00 0x00}
   amx_z38 = {0x00 0x00 0x00 0x00 0x00 0x00 0x00 0x00 0x00 0x00 0x00 0x00 0x00 0x00 0x00 0x00 0x00 0x00 0x00 0x00 0x00 0x00 0x00 0x00 0x00 0x00 0x00 0x00 0x00 0x00 0x00 0x00 0x00 0x00 0x00 0x00 0x00 0x00 0x00 0x00 0x00 0x00 0x00 0x00 0x00 0x00 0x00 0x00 0x00 0x00 0x00 0x00 0x00 0x00 0x00 0x00 0x00 0x00 0x00 0x00 0x00 0x00 0x00 0x00}
   amx_z39 = {0x00 0x00 0x00 0x00 0x00 0x00 0x00 0x00 0x00 0x00 0x00 0x00 0x00 0x00 0x00 0x00 0x00 0x00 0x00 0x00 0x00 0x00 0x00 0x00 0x00 0x00 0x00 0x00 0x00 0x00 0x00 0x00 0x00 0x00 0x00 0x00 0x00 0x00 0x00 0x00 0x00 0x00 0x00 0x00 0x00 0x00 0x00 0x00 0x00 0x00 0x00 0x00 0x00 0x00 0x00 0x00 0x00 0x00 0x00 0x00 0x00 0x00 0x00 0x00}
   amx_z40 = {0x00 0x00 0x00 0x00 0x00 0x00 0x00 0x00 0x00 0x00 0x00 0x00 0x00 0x00 0x00 0x00 0x00 0x00 0x00 0x00 0x00 0x00 0x00 0x00 0x00 0x00 0x00 0x00 0x00 0x00 0x00 0x00 0x00 0x00 0x00 0x00 0x00 0x00 0x00 0x00 0x00 0x00 0x00 0x00 0x00 0x00 0x00 0x00 0x00 0x00 0x00 0x00 0x00 0x00 0x00 0x00 0x00 0x00 0x00 0x00 0x00 0x00 0x00 0x00}
   amx_z41 = {0x00 0x00 0x00 0x00 0x00 0x00 0x00 0x00 0x00 0x00 0x00 0x00 0x00 0x00 0x00 0x00 0x00 0x00 0x00 0x00 0x00 0x00 0x00 0x00 0x00 0x00 0x00 0x00 0x00 0x00 0x00 0x00 0x00 0x00 0x00 0x00 0x00 0x00 0x00 0x00 0x00 0x00 0x00 0x00 0x00 0x00 0x00 0x00 0x00 0x00 0x00 0x00 0x00 0x00 0x00 0x00 0x00 0x00 0x00 0x00 0x00 0x00 0x00 0x00}
   amx_z42 = {0x00 0x00 0x00 0x00 0x00 0x00 0x00 0x00 0x00 0x00 0x00 0x00 0x00 0x00 0x00 0x00 0x00 0x00 0x00 0x00 0x00 0x00 0x00 0x00 0x00 0x00 0x00 0x00 0x00 0x00 0x00 0x00 0x00 0x00 0x00 0x00 0x00 0x00 0x00 0x00 0x00 0x00 0x00 0x00 0x00 0x00 0x00 0x00 0x00 0x00 0x00 0x00 0x00 0x00 0x00 0x00 0x00 0x00 0x00 0x00 0x00 0x00 0x00 0x00}
   amx_z43 = {0x00 0x00 0x00 0x00 0x00 0x00 0x00 0x00 0x00 0x00 0x00 0x00 0x00 0x00 0x00 0x00 0x00 0x00 0x00 0x00 0x00 0x00 0x00 0x00 0x00 0x00 0x00 0x00 0x00 0x00 0x00 0x00 0x00 0x00 0x00 0x00 0x00 0x00 0x00 0x00 0x00 0x00 0x00 0x00 0x00 0x00 0x00 0x00 0x00 0x00 0x00 0x00 0x00 0x00 0x00 0x00 0x00 0x00 0x00 0x00 0x00 0x00 0x00 0x00}
   amx_z44 = {0x00 0x00 0x00 0x00 0x00 0x00 0x00 0x00 0x00 0x00 0x00 0x00 0x00 0x00 0x00 0x00 0x00 0x00 0x00 0x00 0x00 0x00 0x00 0x00 0x00 0x00 0x00 0x00 0x00 0x00 0x00 0x00 0x00 0x00 0x00 0x00 0x00 0x00 0x00 0x00 0x00 0x00 0x00 0x00 0x00 0x00 0x00 0x00 0x00 0x00 0x00 0x00 0x00 0x00 0x00 0x00 0x00 0x00 0x00 0x00 0x00 0x00 0x00 0x00}
   amx_z45 = {0x00 0x00 0x00 0x00 0x00 0x00 0x00 0x00 0x00 0x00 0x00 0x00 0x00 0x00 0x00 0x00 0x00 0x00 0x00 0x00 0x00 0x00 0x00 0x00 0x00 0x00 0x00 0x00 0x00 0x00 0x00 0x00 0x00 0x00 0x00 0x00 0x00 0x00 0x00 0x00 0x00 0x00 0x00 0x00 0x00 0x00 0x00 0x00 0x00 0x00 0x00 0x00 0x00 0x00 0x00 0x00 0x00 0x00 0x00 0x00 0x00 0x00 0x00 0x00}
   amx_z46 = {0x00 0x00 0x00 0x00 0x00 0x00 0x00 0x00 0x00 0x00 0x00 0x00 0x00 0x00 0x00 0x00 0x00 0x00 0x00 0x00 0x00 0x00 0x00 0x00 0x00 0x00 0x00 0x00 0x00 0x00 0x00 0x00 0x00 0x00 0x00 0x00 0x00 0x00 0x00 0x00 0x00 0x00 0x00 0x00 0x00 0x00 0x00 0x00 0x00 0x00 0x00 0x00 0x00 0x00 0x00 0x00 0x00 0x00 0x00 0x00 0x00 0x00 0x00 0x00}
   amx_z47 = {0x00 0x00 0x00 0x00 0x00 0x00 0x00 0x00 0x00 0x00 0x00 0x00 0x00 0x00 0x00 0x00 0x00 0x00 0x00 0x00 0x00 0x00 0x00 0x00 0x00 0x00 0x00 0x00 0x00 0x00 0x00 0x00 0x00 0x00 0x00 0x00 0x00 0x00 0x00 0x00 0x00 0x00 0x00 0x00 0x00 0x00 0x00 0x00 0x00 0x00 0x00 0x00 0x00 0x00 0x00 0x00 0x00 0x00 0x00 0x00 0x00 0x00 0x00 0x00}
   amx_z48 = {0x00 0x00 0x00 0x00 0x00 0x00 0x00 0x00 0x00 0x00 0x00 0x00 0x00 0x00 0x00 0x00 0x00 0x00 0x00 0x00 0x00 0x00 0x00 0x00 0x00 0x00 0x00 0x00 0x00 0x00 0x00 0x00 0x00 0x00 0x00 0x00 0x00 0x00 0x00 0x00 0x00 0x00 0x00 0x00 0x00 0x00 0x00 0x00 0x00 0x00 0x00 0x00 0x00 0x00 0x00 0x00 0x00 0x00 0x00 0x00 0x00 0x00 0x00 0x00}
   amx_z49 = {0x00 0x00 0x00 0x00 0x00 0x00 0x00 0x00 0x00 0x00 0x00 0x00 0x00 0x00 0x00 0x00 0x00 0x00 0x00 0x00 0x00 0x00 0x00 0x00 0x00 0x00 0x00 0x00 0x00 0x00 0x00 0x00 0x00 0x00 0x00 0x00 0x00 0x00 0x00 0x00 0x00 0x00 0x00 0x00 0x00 0x00 0x00 0x00 0x00 0x00 0x00 0x00 0x00 0x00 0x00 0x00 0x00 0x00 0x00 0x00 0x00 0x00 0x00 0x00}
   amx_z50 = {0x00 0x00 0x00 0x00 0x00 0x00 0x00 0x00 0x00 0x00 0x00 0x00 0x00 0x00 0x00 0x00 0x00 0x00 0x00 0x00 0x00 0x00 0x00 0x00 0x00 0x00 0x00 0x00 0x00 0x00 0x00 0x00 0x00 0x00 0x00 0x00 0x00 0x00 0x00 0x00 0x00 0x00 0x00 0x00 0x00 0x00 0x00 0x00 0x00 0x00 0x00 0x00 0x00 0x00 0x00 0x00 0x00 0x00 0x00 0x00 0x00 0x00 0x00 0x00}
   amx_z51 = {0x00 0x00 0x00 0x00 0x00 0x00 0x00 0x00 0x00 0x00 0x00 0x00 0x00 0x00 0x00 0x00 0x00 0x00 0x00 0x00 0x00 0x00 0x00 0x00 0x00 0x00 0x00 0x00 0x00 0x00 0x00 0x00 0x00 0x00 0x00 0x00 0x00 0x00 0x00 0x00 0x00 0x00 0x00 0x00 0x00 0x00 0x00 0x00 0x00 0x00 0x00 0x00 0x00 0x00 0x00 0x00 0x00 0x00 0x00 0x00 0x00 0x00 0x00 0x00}
   amx_z52 = {0x00 0x00 0x00 0x00 0x00 0x00 0x00 0x00 0x00 0x00 0x00 0x00 0x00 0x00 0x00 0x00 0x00 0x00 0x00 0x00 0x00 0x00 0x00 0x00 0x00 0x00 0x00 0x00 0x00 0x00 0x00 0x00 0x00 0x00 0x00 0x00 0x00 0x00 0x00 0x00 0x00 0x00 0x00 0x00 0x00 0x00 0x00 0x00 0x00 0x00 0x00 0x00 0x00 0x00 0x00 0x00 0x00 0x00 0x00 0x00 0x00 0x00 0x00 0x00}
   amx_z53 = {0x00 0x00 0x00 0x00 0x00 0x00 0x00 0x00 0x00 0x00 0x00 0x00 0x00 0x00 0x00 0x00 0x00 0x00 0x00 0x00 0x00 0x00 0x00 0x00 0x00 0x00 0x00 0x00 0x00 0x00 0x00 0x00 0x00 0x00 0x00 0x00 0x00 0x00 0x00 0x00 0x00 0x00 0x00 0x00 0x00 0x00 0x00 0x00 0x00 0x00 0x00 0x00 0x00 0x00 0x00 0x00 0x00 0x00 0x00 0x00 0x00 0x00 0x00 0x00}
   amx_z54 = {0x00 0x00 0x00 0x00 0x00 0x00 0x00 0x00 0x00 0x00 0x00 0x00 0x00 0x00 0x00 0x00 0x00 0x00 0x00 0x00 0x00 0x00 0x00 0x00 0x00 0x00 0x00 0x00 0x00 0x00 0x00 0x00 0x00 0x00 0x00 0x00 0x00 0x00 0x00 0x00 0x00 0x00 0x00 0x00 0x00 0x00 0x00 0x00 0x00 0x00 0x00 0x00 0x00 0x00 0x00 0x00 0x00 0x00 0x00 0x00 0x00 0x00 0x00 0x00}
   amx_z55 = {0x00 0x00 0x00 0x00 0x00 0x00 0x00 0x00 0x00 0x00 0x00 0x00 0x00 0x00 0x00 0x00 0x00 0x00 0x00 0x00 0x00 0x00 0x00 0x00 0x00 0x00 0x00 0x00 0x00 0x00 0x00 0x00 0x00 0x00 0x00 0x00 0x00 0x00 0x00 0x00 0x00 0x00 0x00 0x00 0x00 0x00 0x00 0x00 0x00 0x00 0x00 0x00 0x00 0x00 0x00 0x00 0x00 0x00 0x00 0x00 0x00 0x00 0x00 0x00}
   amx_z56 = {0x00 0x00 0x00 0x00 0x00 0x00 0x00 0x00 0x00 0x00 0x00 0x00 0x00 0x00 0x00 0x00 0x00 0x00 0x00 0x00 0x00 0x00 0x00 0x00 0x00 0x00 0x00 0x00 0x00 0x00 0x00 0x00 0x00 0x00 0x00 0x00 0x00 0x00 0x00 0x00 0x00 0x00 0x00 0x00 0x00 0x00 0x00 0x00 0x00 0x00 0x00 0x00 0x00 0x00 0x00 0x00 0x00 0x00 0x00 0x00 0x00 0x00 0x00 0x00}
   amx_z57 = {0x00 0x00 0x00 0x00 0x00 0x00 0x00 0x00 0x00 0x00 0x00 0x00 0x00 0x00 0x00 0x00 0x00 0x00 0x00 0x00 0x00 0x00 0x00 0x00 0x00 0x00 0x00 0x00 0x00 0x00 0x00 0x00 0x00 0x00 0x00 0x00 0x00 0x00 0x00 0x00 0x00 0x00 0x00 0x00 0x00 0x00 0x00 0x00 0x00 0x00 0x00 0x00 0x00 0x00 0x00 0x00 0x00 0x00 0x00 0x00 0x00 0x00 0x00 0x00}
   amx_z58 = {0x00 0x00 0x00 0x00 0x00 0x00 0x00 0x00 0x00 0x00 0x00 0x00 0x00 0x00 0x00 0x00 0x00 0x00 0x00 0x00 0x00 0x00 0x00 0x00 0x00 0x00 0x00 0x00 0x00 0x00 0x00 0x00 0x00 0x00 0x00 0x00 0x00 0x00 0x00 0x00 0x00 0x00 0x00 0x00 0x00 0x00 0x00 0x00 0x00 0x00 0x00 0x00 0x00 0x00 0x00 0x00 0x00 0x00 0x00 0x00 0x00 0x00 0x00 0x00}
   amx_z59 = {0x00 0x00 0x00 0x00 0x00 0x00 0x00 0x00 0x00 0x00 0x00 0x00 0x00 0x00 0x00 0x00 0x00 0x00 0x00 0x00 0x00 0x00 0x00 0x00 0x00 0x00 0x00 0x00 0x00 0x00 0x00 0x00 0x00 0x00 0x00 0x00 0x00 0x00 0x00 0x00 0x00 0x00 0x00 0x00 0x00 0x00 0x00 0x00 0x00 0x00 0x00 0x00 0x00 0x00 0x00 0x00 0x00 0x00 0x00 0x00 0x00 0x00 0x00 0x00}
   amx_z60 = {0x00 0x00 0x00 0x00 0x00 0x00 0x00 0x00 0x00 0x00 0x00 0x00 0x00 0x00 0x00 0x00 0x00 0x00 0x00 0x00 0x00 0x00 0x00 0x00 0x00 0x00 0x00 0x00 0x00 0x00 0x00 0x00 0x00 0x00 0x00 0x00 0x00 0x00 0x00 0x00 0x00 0x00 0x00 0x00 0x00 0x00 0x00 0x00 0x00 0x00 0x00 0x00 0x00 0x00 0x00 0x00 0x00 0x00 0x00 0x00 0x00 0x00 0x00 0x00}
   amx_z61 = {0x00 0x00 0x00 0x00 0x00 0x00 0x00 0x00 0x00 0x00 0x00 0x00 0x00 0x00 0x00 0x00 0x00 0x00 0x00 0x00 0x00 0x00 0x00 0x00 0x00 0x00 0x00 0x00 0x00 0x00 0x00 0x00 0x00 0x00 0x00 0x00 0x00 0x00 0x00 0x00 0x00 0x00 0x00 0x00 0x00 0x00 0x00 0x00 0x00 0x00 0x00 0x00 0x00 0x00 0x00 0x00 0x00 0x00 0x00 0x00 0x00 0x00 0x00 0x00}
   amx_z62 = {0x00 0x00 0x00 0x00 0x00 0x00 0x00 0x00 0x00 0x00 0x00 0x00 0x00 0x00 0x00 0x00 0x00 0x00 0x00 0x00 0x00 0x00 0x00 0x00 0x00 0x00 0x00 0x00 0x00 0x00 0x00 0x00 0x00 0x00 0x00 0x00 0x00 0x00 0x00 0x00 0x00 0x00 0x00 0x00 0x00 0x00 0x00 0x00 0x00 0x00 0x00 0x00 0x00 0x00 0x00 0x00 0x00 0x00 0x00 0x00 0x00 0x00 0x00 0x00}
   amx_z63 = {0x00 0x00 0x00 0x00 0x00 0x00 0x00 0x00 0x00 0x00 0x00 0x00 0x00 0x00 0x00 0x00 0x00 0x00 0x00 0x00 0x00 0x00 0x00 0x00 0x00 0x00 0x00 0x00 0x00 0x00 0x00 0x00 0x00 0x00 0x00 0x00 0x00 0x00 0x00 0x00 0x00 0x00 0x00 0x00 0x00 0x00 0x00 0x00 0x00 0x00 0x00 0x00 0x00 0x00 0x00 0x00 0x00 0x00 0x00 0x00 0x00 0x00 0x00 0x00}
  amx_state = 0x0000000000000000

(lldb) bt all
  thread #1, queue = 'com.apple.main-thread'
    frame #0: 0x00000001884b4dd4 libsystem_kernel.dylib`mach_msg_trap + 8
    frame #1: 0x00000001884b5184 libsystem_kernel.dylib`mach_msg + 76
    frame #2: 0x00000001885eed00 CoreFoundation`__CFRunLoopServiceMachPort + 372
    frame #3: 0x00000001885ed1cc CoreFoundation`__CFRunLoopRun + 1212
    frame #4: 0x00000001885ec598 CoreFoundation`CFRunLoopRunSpecific + 600
    frame #5: 0x000000019050f280 HIToolbox`RunCurrentEventLoopInMode + 292
    frame #6: 0x000000019050eff4 HIToolbox`ReceiveNextEventCommon + 552
    frame #7: 0x000000019050edb4 HIToolbox`_BlockUntilNextEventMatchingListInModeWithFilter + 72
    frame #8: 0x000000018addda64 AppKit`_DPSNextEvent + 836
    frame #9: 0x000000018addc404 AppKit`-[NSApplication(NSEvent) _nextEventMatchingEventMask:untilDate:inMode:dequeue:] + 1292
    frame #10: 0x0000000100b27570 DVTKit`-[DVTApplication nextEventMatchingMask:untilDate:inMode:dequeue:] + 356
    frame #11: 0x000000018adce290 AppKit`-[NSApplication run] + 596
    frame #12: 0x0000000100b26f54 DVTKit`-[DVTApplication run] + 60
    frame #13: 0x000000018ad9fcbc AppKit`NSApplicationMain + 1064
    frame #14: 0x000000018850d430 libdyld.dylib`start + 4
  thread #9
    frame #0: 0x00000001884b4dd4 libsystem_kernel.dylib`mach_msg_trap + 8
    frame #1: 0x00000001884b5184 libsystem_kernel.dylib`mach_msg + 76
    frame #2: 0x00000001885eed00 CoreFoundation`__CFRunLoopServiceMachPort + 372
    frame #3: 0x00000001885ed1cc CoreFoundation`__CFRunLoopRun + 1212
    frame #4: 0x00000001885ec598 CoreFoundation`CFRunLoopRunSpecific + 600
    frame #5: 0x0000000189396638 Foundation`-[NSRunLoop(NSRunLoop) runMode:beforeDate:] + 232
    frame #6: 0x0000000140859b18 DTDeviceKitBase`+[DTDKRemoteDeviceConnection startServiceBrowsers] + 200
    frame #7: 0x000000018938ec80 Foundation`__NSThread__start__ + 864
    frame #8: 0x00000001884ef878 libsystem_pthread.dylib`_pthread_start + 320
  thread #10
    frame #0: 0x00000001884b4dd4 libsystem_kernel.dylib`mach_msg_trap + 8
    frame #1: 0x00000001884b5184 libsystem_kernel.dylib`mach_msg + 76
    frame #2: 0x00000001885eed00 CoreFoundation`__CFRunLoopServiceMachPort + 372
    frame #3: 0x00000001885ed1cc CoreFoundation`__CFRunLoopRun + 1212
    frame #4: 0x00000001885ec598 CoreFoundation`CFRunLoopRunSpecific + 600
    frame #5: 0x0000000189396638 Foundation`-[NSRunLoop(NSRunLoop) runMode:beforeDate:] + 232
    frame #6: 0x00000001408666a0 DTDeviceKitBase`-[DTDKRemoteDeviceDataListener listenerThreadImplementation] + 288
    frame #7: 0x000000018938ec80 Foundation`__NSThread__start__ + 864
    frame #8: 0x00000001884ef878 libsystem_pthread.dylib`_pthread_start + 320
  thread #11, name = 'com.apple.CFSocket.private'
    frame #0: 0x00000001884bf1ec libsystem_kernel.dylib`__select + 8
    frame #1: 0x0000000188618280 CoreFoundation`__CFSocketManager + 624
    frame #2: 0x00000001884ef878 libsystem_pthread.dylib`_pthread_start + 320
  thread #12, name = 'JavaScriptCore bmalloc scavenger'
    frame #0: 0x00000001884b8548 libsystem_kernel.dylib`__psynch_cvwait + 8
    frame #1: 0x00000001884efdac libsystem_pthread.dylib`_pthread_cond_wait + 1248
    frame #2: 0x0000000188449efc libc++.1.dylib`std::__1::condition_variable::wait(std::__1::unique_lock<std::__1::mutex>&) + 28
    frame #3: 0x000000019e9cfe34 JavaScriptCore`void std::__1::condition_variable_any::wait<std::__1::unique_lock<bmalloc::Mutex> >(std::__1::unique_lock<bmalloc::Mutex>&) + 108
    frame #4: 0x000000019e9d3f90 JavaScriptCore`bmalloc::Scavenger::threadRunLoop() + 276
    frame #5: 0x000000019e9d3be8 JavaScriptCore`bmalloc::Scavenger::threadEntryPoint(bmalloc::Scavenger*) + 16
    frame #6: 0x000000019e9d5f70 JavaScriptCore`void* std::__1::__thread_proxy<std::__1::tuple<std::__1::unique_ptr<std::__1::__thread_struct, std::__1::default_delete<std::__1::__thread_struct> >, void (*)(bmalloc::Scavenger*), bmalloc::Scavenger*> >(void*) + 48
    frame #7: 0x00000001884ef878 libsystem_pthread.dylib`_pthread_start + 320
  thread #17
    frame #0: 0x00000001884b6a8c libsystem_kernel.dylib`__workq_kernreturn + 8
  thread #23, name = 'com.apple.NSEventThread'
    frame #0: 0x00000001884b4dd4 libsystem_kernel.dylib`mach_msg_trap + 8
    frame #1: 0x00000001884b5184 libsystem_kernel.dylib`mach_msg + 76
    frame #2: 0x00000001885eed00 CoreFoundation`__CFRunLoopServiceMachPort + 372
    frame #3: 0x00000001885ed1cc CoreFoundation`__CFRunLoopRun + 1212
    frame #4: 0x00000001885ec598 CoreFoundation`CFRunLoopRunSpecific + 600
    frame #5: 0x000000018af5c738 AppKit`_NSEventThread + 196
    frame #6: 0x00000001884ef878 libsystem_pthread.dylib`_pthread_start + 320
  thread #24, name = 'com.apple.NSURLConnectionLoader'
    frame #0: 0x00000001884b4dd4 libsystem_kernel.dylib`mach_msg_trap + 8
    frame #1: 0x00000001884b5184 libsystem_kernel.dylib`mach_msg + 76
    frame #2: 0x00000001885eed00 CoreFoundation`__CFRunLoopServiceMachPort + 372
    frame #3: 0x00000001885ed1cc CoreFoundation`__CFRunLoopRun + 1212
    frame #4: 0x00000001885ec598 CoreFoundation`CFRunLoopRunSpecific + 600
    frame #5: 0x000000018cae30f4 CFNetwork`___lldb_unnamed_symbol11731$$CFNetwork + 568
    frame #6: 0x000000018938ec80 Foundation`__NSThread__start__ + 864
    frame #7: 0x00000001884ef878 libsystem_pthread.dylib`_pthread_start + 320
  thread #25, name = 'DYMobileDeviceManager'
    frame #0: 0x00000001884b4dd4 libsystem_kernel.dylib`mach_msg_trap + 8
    frame #1: 0x00000001884b5184 libsystem_kernel.dylib`mach_msg + 76
    frame #2: 0x00000001885eed00 CoreFoundation`__CFRunLoopServiceMachPort + 372
    frame #3: 0x00000001885ed1cc CoreFoundation`__CFRunLoopRun + 1212
    frame #4: 0x00000001885ec598 CoreFoundation`CFRunLoopRunSpecific + 600
    frame #5: 0x0000000189396638 Foundation`-[NSRunLoop(NSRunLoop) runMode:beforeDate:] + 232
    frame #6: 0x0000000189428b20 Foundation`-[NSRunLoop(NSRunLoop) run] + 92
    frame #7: 0x000000015afba3a8 GPUToolsMobileFoundation`-[DYMobileDeviceManager _deviceNotificationThread:] + 156
    frame #8: 0x000000018938ec80 Foundation`__NSThread__start__ + 864
    frame #9: 0x00000001884ef878 libsystem_pthread.dylib`_pthread_start + 320
  thread #26
    frame #0: 0x00000001884b4dd4 libsystem_kernel.dylib`mach_msg_trap + 8
    frame #1: 0x00000001884b5184 libsystem_kernel.dylib`mach_msg + 76
    frame #2: 0x00000001885eed00 CoreFoundation`__CFRunLoopServiceMachPort + 372
    frame #3: 0x00000001885ed1cc CoreFoundation`__CFRunLoopRun + 1212
    frame #4: 0x00000001885ec598 CoreFoundation`CFRunLoopRunSpecific + 600
    frame #5: 0x00000001886775c4 CoreFoundation`CFRunLoopRun + 64
    frame #6: 0x0000000160c06374 SwiftPM`closure #1 () -> () in TSCUtility.FSEventStream.start() throws -> () + 224
    frame #7: 0x0000000160bd52a8 SwiftPM`closure #1 () -> () in TSCBasic.Thread.init(task: () -> ()) -> TSCBasic.Thread + 120
    frame #8: 0x0000000160bd53ac SwiftPM`reabstraction thunk helper from @escaping @callee_guaranteed () -> () to @escaping @callee_unowned @convention(block) () -> () + 20
    frame #9: 0x0000000160bd5384 SwiftPM`@objc TSCBasic.ThreadImpl.main() -> () + 44
    frame #10: 0x000000018938ec80 Foundation`__NSThread__start__ + 864
    frame #11: 0x00000001884ef878 libsystem_pthread.dylib`_pthread_start + 320
  thread #29
    frame #0: 0x00000001884b6a8c libsystem_kernel.dylib`__workq_kernreturn + 8
  thread #30
    frame #0: 0x00000001884b6a8c libsystem_kernel.dylib`__workq_kernreturn + 8
  thread #32
    frame #0: 0x00000001884b6a8c libsystem_kernel.dylib`__workq_kernreturn + 8
  thread #34
    frame #0: 0x00000001884b6a8c libsystem_kernel.dylib`__workq_kernreturn + 8
* thread #35, queue = 'ConcurrentQueue: -[IDEDistributionAnalyzeVersionStepViewController setupVersion]_block_invoke', stop reason = signal SIGABRT
  * frame #0: 0x00000001884bce68 libsystem_kernel.dylib`__pthread_kill + 8
    frame #1: 0x00000001884ef43c libsystem_pthread.dylib`pthread_kill + 292
    frame #2: 0x0000000188437454 libsystem_c.dylib`abort + 124
    frame #3: 0x0000000101f7f63c IDEKit`+[IDEAssertionHandler _handleAssertionWithLogString:assertionSignature:assertionReason:extraBacktrace:] + 1256
    frame #4: 0x0000000101f80a7c IDEKit`-[IDEAssertionHandler handleUncaughtException:] + 860
    frame #5: 0x0000000101f80c88 IDEKit`IDEHandleUncaughtException + 96
    frame #6: 0x00000001886f5cfc CoreFoundation`__handleUncaughtException + 676
    frame #7: 0x0000000188397c88 libobjc.A.dylib`_objc_terminate() + 132
    frame #8: 0x00000001884acf2c libc++abi.dylib`std::__terminate(void (*)()) + 20
    frame #9: 0x00000001884aceb8 libc++abi.dylib`std::terminate() + 48
    frame #10: 0x00000001883ab28c libobjc.A.dylib`objc_terminate + 16
    frame #11: 0x000000018833fed4 libdispatch.dylib`_dispatch_client_callout + 40
    frame #12: 0x0000000188343398 libdispatch.dylib`_dispatch_continuation_pop + 448
    frame #13: 0x0000000188342a28 libdispatch.dylib`_dispatch_async_redirect_invoke + 592
    frame #14: 0x0000000188351684 libdispatch.dylib`_dispatch_root_queue_drain + 388
    frame #15: 0x0000000188351e90 libdispatch.dylib`_dispatch_worker_thread2 + 112
    frame #16: 0x00000001884eb860 libsystem_pthread.dylib`_pthread_wqthread + 216
  thread #36
    frame #0: 0x00000001884b6a8c libsystem_kernel.dylib`__workq_kernreturn + 8
(lldb) 
